<?xml version="1.0" encoding="UTF-8"?>
<!-- Generated by org.testng.reporters.JUnitReportReporter -->
<testsuite hostname="hp-pc" failures="0" tests="1" name="sel.DemoTest" time="0.022" errors="0" timestamp="03 Aug 2021 16:41:02 GMT" skipped="0">
  <testcase classname="sel.DemoTest" name="demoTest" time="0.022"/>
</testsuite> <!-- sel.DemoTest -->
